<?xml version="1.0" encoding="utf-8"?><testsuites name="pytest tests"><testsuite name="pytest" errors="0" failures="0" skipped="0" tests="12" time="0.929" timestamp="2026-04-26T21:44:07.576149+00:00" hostname="agent-env-8172424c-775d-4953-96b0-a701ae11fcc5"><testcase classname="backend.tests.test_captain_culinary_api.TestHealth" name="test_root" time="0.198" /><testcase classname="backend.tests.test_captain_culinary_api.TestLessons" name="test_list_lessons" time="0.042" /><testcase classname="backend.tests.test_captain_culinary_api.TestLessons" name="test_get_lesson_mirepoix" time="0.045" /><testcase classname="backend.tests.test_captain_culinary_api.TestLessons" name="test_get_lesson_not_found" time="0.046" /><testcase classname="backend.tests.test_captain_culinary_api.TestLessons" name="test_filter_by_age" time="0.043" /><testcase classname="backend.tests.test_captain_culinary_api.TestBadges" name="test_list_badges" time="0.048" /><testcase classname="backend.tests.test_captain_culinary_api.TestMissions" name="test_global" time="0.045" /><testcase classname="backend.tests.test_captain_culinary_api.TestMissions" name="test_family" time="0.045" /><testcase classname="backend.tests.test_captain_culinary_api.TestProgress" name="test_get_empty_progress" time="0.048" /><testcase classname="backend.tests.test_captain_culinary_api.TestProgress" name="test_save_and_read_progress" time="0.098" /><testcase classname="backend.tests.test_captain_culinary_api.TestFoodTruckBuilder" name="test_save_and_list" time="0.093" /><testcase classname="backend.tests.test_captain_culinary_api.TestRestaurantBuilder" name="test_save_and_list" time="0.103" /></testsuite></testsuites>